<?xml version="1.0" encoding="UTF-8"?>
<testsuite name="models.SquadTest" tests="1" skipped="0" failures="0" errors="0" timestamp="2020-11-27T07:27:41" hostname="wecode-VivoBook-15-ASUS-Laptop-X540UAR" time="0.002">
  <properties/>
  <testcase name="newSquad_findById_id" classname="models.SquadTest" time="0.002"/>
  <system-out><![CDATA[]]></system-out>
  <system-err><![CDATA[]]></system-err>
</testsuite>
